<?xml version="1.0" encoding="UTF-8"?>
<!-- Generated by org.testng.reporters.JUnitReportReporter -->
<testsuite hostname="DESKTOP-6RDAJ8O" failures="0" tests="1" name="tests.BaseClass" time="31.304" errors="0" timestamp="21 Feb 2023 13:35:04 GMT" skipped="0">
  <testcase classname="tests.BaseClass" name="simpleTest" time="31.304"/>
</testsuite> <!-- tests.BaseClass -->
