<?xml version="1.0" encoding="UTF-8"?>
<!-- Generated by org.testng.reporters.JUnitReportReporter -->
<testsuite hostname="TRPL-PUN-0115" failures="0" tests="1" name="tests.BaseClass" time="40.074" errors="0" timestamp="06 Feb 2024 10:30:16 GMT" skipped="0">
  <testcase classname="tests.BaseClass" name="simpleTest" time="40.074"/>
</testsuite> <!-- tests.BaseClass -->
